TN:
SF:database/connection.js
FN:16,(anonymous_0)
FN:22,(anonymous_1)
FN:36,(anonymous_2)
FN:48,(anonymous_3)
FN:53,(anonymous_4)
FN:67,(anonymous_5)
FN:78,(anonymous_6)
FNF:7
FNH:3
FNDA:0,(anonymous_0)
FNDA:3,(anonymous_1)
FNDA:3,(anonymous_2)
FNDA:2,(anonymous_3)
FNDA:0,(anonymous_4)
FNDA:0,(anonymous_5)
FNDA:0,(anonymous_6)
DA:1,3
DA:4,3
DA:13,3
DA:16,3
DA:17,0
DA:18,0
DA:22,3
DA:23,3
DA:24,3
DA:25,0
DA:26,0
DA:27,0
DA:28,0
DA:30,3
DA:31,3
DA:36,3
DA:37,3
DA:38,3
DA:39,0
DA:40,0
DA:42,3
DA:43,3
DA:48,3
DA:49,2
DA:53,3
DA:54,0
DA:55,0
DA:56,0
DA:57,0
DA:58,0
DA:59,0
DA:61,0
DA:62,0
DA:67,3
DA:68,0
DA:69,0
DA:70,0
DA:72,0
DA:73,0
DA:78,3
DA:79,0
DA:80,0
DA:81,0
DA:83,0
DA:87,3
LF:45
LH:20
BRF:0
BRH:0
end_of_record
TN:
SF:middleware/auth.js
FN:4,(anonymous_0)
FN:45,(anonymous_1)
FN:56,(anonymous_2)
FN:106,(anonymous_3)
FN:112,(anonymous_4)
FNF:5
FNH:0
FNDA:0,(anonymous_0)
FNDA:0,(anonymous_1)
FNDA:0,(anonymous_2)
FNDA:0,(anonymous_3)
FNDA:0,(anonymous_4)
DA:4,1
DA:5,0
DA:6,0
DA:12,0
DA:14,0
DA:15,0
DA:18,0
DA:23,0
DA:25,0
DA:26,0
DA:33,0
DA:35,0
DA:37,0
DA:38,0
DA:45,1
DA:46,0
DA:47,0
DA:52,0
DA:56,1
DA:57,0
DA:58,0
DA:64,0
DA:66,0
DA:67,0
DA:70,0
DA:75,0
DA:77,0
DA:78,0
DA:84,0
DA:87,0
DA:88,0
DA:94,0
DA:96,0
DA:98,0
DA:99,0
DA:106,1
DA:108,0
DA:112,1
DA:113,0
DA:114,0
DA:115,0
DA:117,0
DA:118,0
DA:120,0
DA:123,1
LF:45
LH:6
BRDA:5,0,0,0
BRDA:5,0,1,0
BRDA:5,1,0,0
BRDA:5,1,1,0
BRDA:23,2,0,0
BRDA:23,2,1,0
BRDA:46,3,0,0
BRDA:46,3,1,0
BRDA:46,4,0,0
BRDA:46,4,1,0
BRDA:57,5,0,0
BRDA:57,5,1,0
BRDA:57,6,0,0
BRDA:57,6,1,0
BRDA:75,7,0,0
BRDA:75,7,1,0
BRDA:87,8,0,0
BRDA:87,8,1,0
BRDA:113,9,0,0
BRDA:113,9,1,0
BRDA:113,10,0,0
BRDA:113,10,1,0
BRF:22
BRH:0
end_of_record
TN:
SF:routes/auth.js
FN:17,(anonymous_0)
FN:27,(anonymous_1)
FN:72,(anonymous_2)
FN:98,(anonymous_3)
FN:121,(anonymous_4)
FN:176,(anonymous_5)
FN:193,(anonymous_6)
FN:266,(anonymous_7)
FN:273,(anonymous_8)
FN:276,(anonymous_9)
FN:288,(anonymous_10)
FN:308,(anonymous_11)
FNF:12
FNH:0
FNDA:0,(anonymous_0)
FNDA:0,(anonymous_1)
FNDA:0,(anonymous_2)
FNDA:0,(anonymous_3)
FNDA:0,(anonymous_4)
FNDA:0,(anonymous_5)
FNDA:0,(anonymous_6)
FNDA:0,(anonymous_7)
FNDA:0,(anonymous_8)
FNDA:0,(anonymous_9)
FNDA:0,(anonymous_10)
FNDA:0,(anonymous_11)
DA:1,1
DA:2,1
DA:3,1
DA:4,1
DA:5,1
DA:6,1
DA:7,1
DA:10,1
DA:18,0
DA:22,1
DA:28,0
DA:33,1
DA:61,1
DA:72,1
DA:73,0
DA:74,0
DA:76,0
DA:77,0
DA:80,0
DA:81,0
DA:84,0
DA:85,0
DA:87,0
DA:92,0
DA:93,0
DA:98,1
DA:99,0
DA:100,0
DA:102,0
DA:103,0
DA:104,0
DA:107,0
DA:108,0
DA:110,0
DA:115,0
DA:116,0
DA:121,1
DA:122,0
DA:123,0
DA:124,0
DA:125,0
DA:131,0
DA:132,0
DA:135,0
DA:140,0
DA:141,0
DA:145,0
DA:146,0
DA:149,0
DA:156,0
DA:159,0
DA:160,0
DA:170,0
DA:176,0
DA:177,0
DA:180,0
DA:187,0
DA:188,0
DA:193,1
DA:194,0
DA:195,0
DA:196,0
DA:197,0
DA:203,0
DA:204,0
DA:207,0
DA:212,0
DA:213,0
DA:216,0
DA:219,0
DA:220,0
DA:224,0
DA:225,0
DA:226,0
DA:230,0
DA:231,0
DA:233,0
DA:237,0
DA:238,0
DA:248,0
DA:253,0
DA:260,0
DA:261,0
DA:266,1
DA:267,0
DA:268,0
DA:271,0
DA:272,0
DA:273,0
DA:276,0
DA:277,0
DA:278,0
DA:279,0
DA:282,0
DA:283,0
DA:288,1
DA:289,0
DA:290,0
DA:294,0
DA:295,0
DA:296,0
DA:301,0
DA:308,1
DA:309,0
DA:315,1
LF:105
LH:19
BRDA:76,0,0,0
BRDA:76,0,1,0
BRDA:76,1,0,0
BRDA:76,1,1,0
BRDA:76,1,2,0
BRDA:80,2,0,0
BRDA:80,2,1,0
BRDA:89,3,0,0
BRDA:89,3,1,0
BRDA:103,4,0,0
BRDA:103,4,1,0
BRDA:112,5,0,0
BRDA:112,5,1,0
BRDA:124,6,0,0
BRDA:124,6,1,0
BRDA:140,7,0,0
BRDA:140,7,1,0
BRDA:196,8,0,0
BRDA:196,8,1,0
BRDA:212,9,0,0
BRDA:212,9,1,0
BRDA:219,10,0,0
BRDA:219,10,1,0
BRDA:225,11,0,0
BRDA:225,11,1,0
BRDA:230,12,0,0
BRDA:230,12,1,0
BRDA:267,13,0,0
BRDA:267,13,1,0
BRDA:277,14,0,0
BRDA:277,14,1,0
BRDA:289,15,0,0
BRDA:289,15,1,0
BRDA:311,16,0,0
BRDA:311,16,1,0
BRF:35
BRH:0
end_of_record
